<?xml version="1.0" encoding="UTF-8"?>
<!-- Generated by org.testng.reporters.JUnitReportReporter -->
<testsuite skipped="0" hostname="DESKTOP-1PUPPRE" name="POM.TestCases" tests="2" failures="0" timestamp="2021-07-18T16:26:16 IST" time="51.833" errors="0">
  <testcase name="login" time="32.755" classname="POM.TestCases"/>
  <system-out/>
  <testcase name="login" time="19.078" classname="POM.TestCases"/>
  <system-out/>
</testsuite> <!-- POM.TestCases -->
