<?xml version="1.0" encoding="UTF-8"?>
<!-- Generated by org.testng.reporters.JUnitReportReporter -->
<testsuite skipped="0" hostname="DESKTOP-1PUPPRE" name="POM.TestCases" tests="2" failures="0" timestamp="2021-07-18T16:32:15 IST" time="51.836" errors="0">
  <testcase name="login" time="20.734" classname="POM.TestCases"/>
  <system-out/>
  <testcase name="login" time="31.102" classname="POM.TestCases"/>
  <system-out/>
</testsuite> <!-- POM.TestCases -->
